info -> loading
info -> app start at port 3001 
info -> ::1 - - [14/May/2020:19:18:33 +0000] "POST /user/login HTTP/1.1" 200 211 "-" "PostmanRuntime/7.24.1"
info -> ::1 - - [14/May/2020:19:18:33 +0000] "POST /user/login HTTP/1.1" 200 211 "-" "PostmanRuntime/7.24.1"
info -> loading
info -> app start at port 3001 
info -> loading
info -> app start at port 3001 
info -> loading
info -> app start at port 3001 
info -> ::1 - - [14/May/2020:19:23:55 +0000] "POST /user/login HTTP/1.1" 200 211 "-" "PostmanRuntime/7.24.1"
info -> ::1 - - [14/May/2020:19:23:55 +0000] "POST /user/login HTTP/1.1" 200 211 "-" "PostmanRuntime/7.24.1"
info -> loading
info -> mongo db connect success
info -> app start at port 3001 
info -> ::1 - - [14/May/2020:19:51:15 +0000] "POST /poet/search/xx HTTP/1.1" 404 154 "-" "PostmanRuntime/7.24.1"
info -> ::1 - - [14/May/2020:19:51:23 +0000] "GET /poet/search/xx HTTP/1.1" 404 153 "-" "PostmanRuntime/7.24.1"
info -> ::1 - - [14/May/2020:19:51:31 +0000] "GET /poet/search/xx HTTP/1.1" 404 153 "-" "PostmanRuntime/7.24.1"
info -> loading
info -> mongo db connect success
info -> app start at port 3001 
info -> ::1 - - [14/May/2020:19:52:04 +0000] "GET /poet/search/xx HTTP/1.1" 200 106 "-" "PostmanRuntime/7.24.1"
info -> loading
info -> mongo db connect success
info -> app start at port 3001 
info -> ::1 - - [14/May/2020:19:56:00 +0000] "GET /poet/search/xxx HTTP/1.1" 200 48 "-" "PostmanRuntime/7.24.1"
info -> ::1 - - [14/May/2020:19:56:11 +0000] "GET /poet/search/%E6%88%91 HTTP/1.1" 200 48 "-" "Mozilla/5.0 (Macintosh; Intel Mac OS X 10_14_6) AppleWebKit/537.36 (KHTML, like Gecko) Chrome/81.0.4044.138 Safari/537.36"
info -> ::1 - - [14/May/2020:19:56:12 +0000] "GET /favicon.ico HTTP/1.1" 404 150 "http://localhost:3001/poet/search/%E6%88%91" "Mozilla/5.0 (Macintosh; Intel Mac OS X 10_14_6) AppleWebKit/537.36 (KHTML, like Gecko) Chrome/81.0.4044.138 Safari/537.36"
info -> ::1 - - [14/May/2020:19:56:23 +0000] "GET /poet/search/%E8%B4%88%E8%AB%87%E5%91%BD%E5%9A%B4%E5%8F%94%E5%AF%93 HTTP/1.1" 200 48 "-" "Mozilla/5.0 (Macintosh; Intel Mac OS X 10_14_6) AppleWebKit/537.36 (KHTML, like Gecko) Chrome/81.0.4044.138 Safari/537.36"
info -> loading
info -> mongo db connect success
info -> app start at port 3001 
info -> ::1 - - [14/May/2020:19:57:30 +0000] "GET /poet/search/%E8%B4%88%E8%AB%87%E5%91%BD%E5%9A%B4%E5%8F%94%E5%AF%93 HTTP/1.1" 304 - "-" "Mozilla/5.0 (Macintosh; Intel Mac OS X 10_14_6) AppleWebKit/537.36 (KHTML, like Gecko) Chrome/81.0.4044.138 Safari/537.36"
info -> ::1 - - [14/May/2020:19:57:46 +0000] "GET /poet/search/test HTTP/1.1" 200 48 "-" "Mozilla/5.0 (Macintosh; Intel Mac OS X 10_14_6) AppleWebKit/537.36 (KHTML, like Gecko) Chrome/81.0.4044.138 Safari/537.36"
info -> ::1 - - [14/May/2020:19:57:50 +0000] "GET /poet/search/wo HTTP/1.1" 200 48 "-" "Mozilla/5.0 (Macintosh; Intel Mac OS X 10_14_6) AppleWebKit/537.36 (KHTML, like Gecko) Chrome/81.0.4044.138 Safari/537.36"
info -> ::1 - - [14/May/2020:19:57:55 +0000] "GET /poet/search/%E6%88%91 HTTP/1.1" 304 - "-" "Mozilla/5.0 (Macintosh; Intel Mac OS X 10_14_6) AppleWebKit/537.36 (KHTML, like Gecko) Chrome/81.0.4044.138 Safari/537.36"
info -> loading
info -> mongo db connect success
info -> app start at port 3001 
info -> ::1 - - [14/May/2020:20:10:13 +0000] "GET /poet/search/%E6%88%91 HTTP/1.1" 304 - "-" "Mozilla/5.0 (Macintosh; Intel Mac OS X 10_14_6) AppleWebKit/537.36 (KHTML, like Gecko) Chrome/81.0.4044.138 Safari/537.36"
info -> loading
info -> mongo db connect success
info -> app start at port 3001 
info -> ::1 - - [14/May/2020:20:10:47 +0000] "GET /poet/search/%E6%88%91 HTTP/1.1" 304 - "-" "Mozilla/5.0 (Macintosh; Intel Mac OS X 10_14_6) AppleWebKit/537.36 (KHTML, like Gecko) Chrome/81.0.4044.138 Safari/537.36"
info -> ::1 - - [14/May/2020:20:11:14 +0000] "GET /poet/search/%E6%88%91 HTTP/1.1" 304 - "-" "Mozilla/5.0 (Macintosh; Intel Mac OS X 10_14_6) AppleWebKit/537.36 (KHTML, like Gecko) Chrome/81.0.4044.138 Safari/537.36"
info -> loading
info -> mongo db connect success
info -> app start at port 3001 
info -> ::1 - - [14/May/2020:20:11:49 +0000] "GET /poet/search/%E6%88%91 HTTP/1.1" 304 - "-" "Mozilla/5.0 (Macintosh; Intel Mac OS X 10_14_6) AppleWebKit/537.36 (KHTML, like Gecko) Chrome/81.0.4044.138 Safari/537.36"
info -> loading
info -> mongo db connect success
info -> app start at port 3001 
info -> ::1 - - [14/May/2020:20:18:36 +0000] "GET /poet/search/%E6%88%91 HTTP/1.1" 304 - "-" "Mozilla/5.0 (Macintosh; Intel Mac OS X 10_14_6) AppleWebKit/537.36 (KHTML, like Gecko) Chrome/81.0.4044.138 Safari/537.36"
info -> ::1 - - [14/May/2020:20:18:57 +0000] "GET /poet/search/%E5%85%B6%E4%B8%80 HTTP/1.1" 200 48 "-" "Mozilla/5.0 (Macintosh; Intel Mac OS X 10_14_6) AppleWebKit/537.36 (KHTML, like Gecko) Chrome/81.0.4044.138 Safari/537.36"
info -> ::1 - - [14/May/2020:20:19:08 +0000] "GET /poet/search/%E5%85%B6%E4%B8%80 HTTP/1.1" 304 - "-" "Mozilla/5.0 (Macintosh; Intel Mac OS X 10_14_6) AppleWebKit/537.36 (KHTML, like Gecko) Chrome/81.0.4044.138 Safari/537.36"
info -> ::1 - - [14/May/2020:20:19:09 +0000] "GET /poet/search/%E5%85%B6%E4%B8%80 HTTP/1.1" 304 - "-" "Mozilla/5.0 (Macintosh; Intel Mac OS X 10_14_6) AppleWebKit/537.36 (KHTML, like Gecko) Chrome/81.0.4044.138 Safari/537.36"
info -> ::1 - - [14/May/2020:20:21:50 +0000] "GET /poet/search/abc HTTP/1.1" 200 865 "-" "Mozilla/5.0 (Macintosh; Intel Mac OS X 10_14_6) AppleWebKit/537.36 (KHTML, like Gecko) Chrome/81.0.4044.138 Safari/537.36"
info -> ::1 - - [14/May/2020:20:22:09 +0000] "GET /poet/search/abc HTTP/1.1" 200 865 "-" "PostmanRuntime/7.24.1"
info -> loading
info -> mongo db connect success
info -> app start at port 3001 
info -> ::1 - - [14/May/2020:20:24:01 +0000] "GET /poet/search/abc HTTP/1.1" 200 94 "-" "Mozilla/5.0 (Macintosh; Intel Mac OS X 10_14_6) AppleWebKit/537.36 (KHTML, like Gecko) Chrome/81.0.4044.138 Safari/537.36"
info -> loading
info -> mysql db connecting
error -> mysql db connect fail, reason: Error: ER_NOT_SUPPORTED_AUTH_MODE: Client does not support authentication protocol requested by server; consider upgrading MySQL client
info -> app start at port 3001 
info -> loading
info -> mysql db connecting
info -> mysql db connect success
info -> app start at port 3001 
info -> loading
info -> mysql db connecting
error -> mysql db connect fail, reason: Error: ER_ACCESS_DENIED_ERROR: Access denied for user 'root'@'localhost' (using password: YES)
info -> loading
info -> mysql db connecting
error -> mysql db connect fail, reason: Error: ER_ACCESS_DENIED_ERROR: Access denied for user 'root'@'localhost' (using password: YES)
info -> loading
info -> mysql db connecting
error -> mysql db connect fail, reason: Error: ER_ACCESS_DENIED_ERROR: Access denied for user 'root'@'localhost' (using password: YES)
info -> loading
info -> mysql db connecting
info -> mysql db connect success
info -> app start at port 3001 
info -> loading
info -> mysql db connecting
info -> mysql db connect success
info -> app start at port 3001 
info -> ::1 - - [23/May/2020:13:30:28 +0000] "GET /user/all HTTP/1.1" 200 81 "-" "PostmanRuntime/7.24.1"
info -> ::1 - - [23/May/2020:13:30:34 +0000] "GET /user/all HTTP/1.1" 200 86 "-" "PostmanRuntime/7.24.1"
info -> ::1 - - [23/May/2020:13:30:40 +0000] "GET /user/all HTTP/1.1" 200 86 "-" "PostmanRuntime/7.24.1"
info -> ::1 - - [23/May/2020:13:31:23 +0000] "GET /user/test HTTP/1.1" 200 96 "-" "PostmanRuntime/7.24.1"
info -> ::1 - - [23/May/2020:13:31:25 +0000] "GET /user/test HTTP/1.1" 200 96 "-" "PostmanRuntime/7.24.1"
info -> loading
info -> mysql db connecting
info -> mysql db connect success
info -> app start at port 3001 
info -> ::1 - - [23/May/2020:13:42:05 +0000] "GET /user/all HTTP/1.1" 200 81 "-" "PostmanRuntime/7.24.1"
info -> ::1 - - [23/May/2020:13:42:21 +0000] "GET /user/all HTTP/1.1" 200 86 "-" "PostmanRuntime/7.24.1"
info -> ::1 - - [23/May/2020:13:42:23 +0000] "GET /user/all HTTP/1.1" 200 86 "-" "PostmanRuntime/7.24.1"
info -> loading
info -> mysql db connecting
info -> mysql db connect success
info -> app start at port 3001 
info -> ::1 - - [23/May/2020:13:42:53 +0000] "GET /user/all HTTP/1.1" 200 81 "-" "PostmanRuntime/7.24.1"
info -> ::1 - - [23/May/2020:13:42:57 +0000] "GET /user/all HTTP/1.1" 200 86 "-" "PostmanRuntime/7.24.1"
info -> ::1 - - [23/May/2020:13:43:02 +0000] "GET /user/all HTTP/1.1" 200 86 "-" "PostmanRuntime/7.24.1"
info -> ::1 - - [23/May/2020:13:43:03 +0000] "GET /user/all HTTP/1.1" 200 86 "-" "PostmanRuntime/7.24.1"
info -> loading
info -> mysql db connecting
info -> mysql db connect success
info -> app start at port 3001 
info -> ::1 - - [23/May/2020:13:44:26 +0000] "GET /user/all HTTP/1.1" 200 81 "-" "PostmanRuntime/7.24.1"
info -> ::1 - - [23/May/2020:13:44:30 +0000] "GET /user/all HTTP/1.1" 200 81 "-" "PostmanRuntime/7.24.1"
info -> ::1 - - [23/May/2020:13:44:32 +0000] "GET /user/all HTTP/1.1" 200 81 "-" "PostmanRuntime/7.24.1"
info -> ::1 - - [23/May/2020:13:44:33 +0000] "GET /user/all HTTP/1.1" 200 81 "-" "PostmanRuntime/7.24.1"
info -> ::1 - - [23/May/2020:13:44:46 +0000] "GET /user/test HTTP/1.1" 200 81 "-" "PostmanRuntime/7.24.1"
info -> ::1 - - [23/May/2020:13:44:46 +0000] "GET /user/test HTTP/1.1" 200 81 "-" "PostmanRuntime/7.24.1"
info -> ::1 - - [23/May/2020:13:44:47 +0000] "GET /user/test HTTP/1.1" 200 81 "-" "PostmanRuntime/7.24.1"
info -> ::1 - - [23/May/2020:13:44:50 +0000] "GET /user/test HTTP/1.1" 200 81 "-" "PostmanRuntime/7.24.1"
info -> ::1 - - [23/May/2020:13:44:50 +0000] "GET /user/test HTTP/1.1" 200 81 "-" "PostmanRuntime/7.24.1"
info -> ::1 - - [23/May/2020:13:45:02 +0000] "GET /user/ HTTP/1.1" 404 144 "-" "PostmanRuntime/7.24.1"
info -> ::1 - - [23/May/2020:13:45:33 +0000] "GET /status HTTP/1.1" 200 - "-" "PostmanRuntime/7.24.1"
info -> ::1 - - [23/May/2020:13:45:41 +0000] "GET /status HTTP/1.1" 200 - "-" "PostmanRuntime/7.24.1"
info -> ::1 - - [23/May/2020:13:45:45 +0000] "GET /status/ HTTP/1.1" 200 - "-" "PostmanRuntime/7.24.1"
info -> ::1 - - [23/May/2020:13:46:08 +0000] "GET /user/all HTTP/1.1" 200 81 "-" "PostmanRuntime/7.24.1"
info -> loading
info -> mysql db connecting
error -> mysql db connect fail, reason: Error: Entity metadata for User#profile was not found. Check if you specified a correct entity object and if it's connected in the connection options.
info -> loading
info -> mysql db connecting
error -> mysql db connect fail, reason: Error: Entity metadata for User#profile was not found. Check if you specified a correct entity object and if it's connected in the connection options.
info -> loading
info -> mysql db connecting
info -> mysql db connect success
info -> app start at port 3001 
info -> ::1 - - [23/May/2020:13:49:31 +0000] "GET /user/all HTTP/1.1" 200 103 "-" "PostmanRuntime/7.24.1"
info -> ::1 - - [23/May/2020:13:53:01 +0000] "GET /user/all HTTP/1.1" 200 113 "-" "PostmanRuntime/7.24.1"
info -> loading
info -> mysql db connecting
info -> mysql db connect success
info -> app start at port 3001 
info -> ::1 - - [23/May/2020:13:55:32 +0000] "GET /user/all HTTP/1.1" 200 48 "-" "PostmanRuntime/7.24.1"
info -> ::1 - - [23/May/2020:13:55:43 +0000] "GET /user/all HTTP/1.1" 200 48 "-" "PostmanRuntime/7.24.1"
info -> loading
info -> mysql db connecting
info -> mysql db connect success
info -> app start at port 3001 
info -> ::1 - - [23/May/2020:14:04:02 +0000] "GET /user/all HTTP/1.1" 200 78 "-" "PostmanRuntime/7.24.1"
info -> ::1 - - [23/May/2020:14:04:05 +0000] "GET /user/all HTTP/1.1" 200 78 "-" "PostmanRuntime/7.24.1"
info -> ::1 - - [23/May/2020:14:04:05 +0000] "GET /user/all HTTP/1.1" 200 78 "-" "PostmanRuntime/7.24.1"
info -> ::1 - - [23/May/2020:14:04:38 +0000] "GET /user/all HTTP/1.1" 500 1901 "-" "PostmanRuntime/7.24.1"
info -> ::1 - - [23/May/2020:14:04:43 +0000] "GET /user/all HTTP/1.1" 500 1901 "-" "PostmanRuntime/7.24.1"
info -> ::1 - - [23/May/2020:14:04:43 +0000] "GET /user/all HTTP/1.1" 500 1901 "-" "PostmanRuntime/7.24.1"
info -> loading
info -> mysql db connecting
info -> mysql db connect success
info -> app start at port 3001 
info -> ::1 - - [23/May/2020:14:06:05 +0000] "GET /user/test HTTP/1.1" 200 38 "-" "PostmanRuntime/7.24.1"
info -> ::1 - - [23/May/2020:14:06:09 +0000] "GET /user/test HTTP/1.1" 200 38 "-" "PostmanRuntime/7.24.1"
info -> ::1 - - [23/May/2020:14:06:13 +0000] "GET /user/all HTTP/1.1" 500 1901 "-" "PostmanRuntime/7.24.1"
info -> loading
info -> mysql db connecting
info -> mysql db connect success
info -> app start at port 3001 
info -> loading
info -> mysql db connecting
info -> mysql db connect success
info -> app start at port 3001 
info -> ::1 - - [23/May/2020:14:08:23 +0000] "GET /user/all HTTP/1.1" 200 48 "-" "PostmanRuntime/7.24.1"
info -> loading
info -> mysql db connecting
info -> mysql db connect success
info -> app start at port 3001 
info -> ::1 - - [23/May/2020:14:13:08 +0000] "GET /user/all HTTP/1.1" 200 48 "-" "PostmanRuntime/7.24.1"
info -> ::1 - - [23/May/2020:14:15:50 +0000] "GET /user/all HTTP/1.1" 200 54 "-" "PostmanRuntime/7.24.1"
info -> ::1 - - [23/May/2020:14:15:55 +0000] "GET /user/test HTTP/1.1" 404 148 "-" "PostmanRuntime/7.24.1"
info -> ::1 - - [23/May/2020:14:16:03 +0000] "GET /user/detail/test HTTP/1.1" 200 52 "-" "PostmanRuntime/7.24.1"
info -> ::1 - - [23/May/2020:14:17:56 +0000] "GET /user/detail/%E4%B8%80%E4%B8%AA HTTP/1.1" 200 54 "-" "Mozilla/5.0 (Macintosh; Intel Mac OS X 10_14_6) AppleWebKit/537.36 (KHTML, like Gecko) Chrome/81.0.4044.138 Safari/537.36"
info -> ::1 - - [23/May/2020:14:17:56 +0000] "GET /favicon.ico HTTP/1.1" 404 150 "http://localhost:3001/user/detail/%E4%B8%80%E4%B8%AA" "Mozilla/5.0 (Macintosh; Intel Mac OS X 10_14_6) AppleWebKit/537.36 (KHTML, like Gecko) Chrome/81.0.4044.138 Safari/537.36"
info -> ::1 - - [23/May/2020:14:18:25 +0000] "GET /user/detail/%E4%B8%80%E4%B8%AA HTTP/1.1" 304 - "-" "Mozilla/5.0 (Macintosh; Intel Mac OS X 10_14_6) AppleWebKit/537.36 (KHTML, like Gecko) Chrome/81.0.4044.138 Safari/537.36"
info -> ::1 - - [23/May/2020:14:20:09 +0000] "GET /user/detail/%E4%B8%80%E4%B8%AA HTTP/1.1" 304 - "-" "Mozilla/5.0 (Macintosh; Intel Mac OS X 10_14_6) AppleWebKit/537.36 (KHTML, like Gecko) Chrome/81.0.4044.138 Safari/537.36"
info -> xxx
info -> xxx
error -> time - Fri May 29 2020 statue - 400 request - /user/all  
info -> xxx
error -> time - Fri May 29 2020 statue - 400 request - /user/all  
info -> xxx
info -> xxx
info -> xxx
error -> time - Fri May 29 2020 statue - 500 request - /user/register  
error -> time - Fri May 29 2020 statue - 500 request - /user/register  
error -> time - Fri May 29 2020 statue - 500 request - /user/register  
error -> time - Fri May 29 2020 statue - 500 request - /user/register  
error -> time - Fri May 29 2020 statue - 500 request - /user/register  
error -> time - Fri May 29 2020 statue - 500 request - /user/register  
error -> time - Fri May 29 2020 statue - 500 request - /user/register  
error -> time - Fri May 29 2020 statue - 500 request - /user/register  
error -> time - Fri May 29 2020 statue - 500 request - /user/register  
error -> time - Fri May 29 2020 statue - 500 request - /user/register  
error -> time - Fri May 29 2020 statue - 500 request - /user/register  
error -> time - Fri May 29 2020 statue - 500 request - /user/register  
error -> time - Fri May 29 2020 statue - 500 request - /user/register  
error -> time - Mon Jun 01 2020 statue - 500 request - /user/register  
error -> time - Mon Jun 01 2020 statue - 500 request - /user/register  
error -> time - Mon Jun 01 2020 statue - 500 request - /user/register  
error -> time - Mon Jun 01 2020 statue - 500 request - /user/register  
error -> time - Mon Jun 01 2020 statue - 500 request - /user/register  
error -> time - Mon Jun 01 2020 statue - 500 request - /user/register  
error -> time - Mon Jun 01 2020 statue - 500 request - /user/register  
error -> time - Tue Jun 02 2020 statue - 500 request - /auth/login  
error -> time - Tue Jun 02 2020 statue - 500 request - /auth/login  
error -> time - Tue Jun 02 2020 statue - 500 request - /auth/login  
error -> time - Tue Jun 02 2020 statue - 500 request - /auth/login  
error -> time - Tue Jun 02 2020 statue - 401 request - /auth/login  
error -> time - Tue Jun 02 2020 statue - 401 request - /auth/login  
error -> time - Tue Jun 02 2020 statue - 401 request - /auth/login  
error -> time - Tue Jun 02 2020 statue - 401 request - /auth/login  
error -> time - Tue Jun 02 2020 statue - 401 request - /auth/login  
error -> time - Tue Jun 02 2020 statue - 401 request - /auth/login  
error -> time - Tue Jun 02 2020 statue - 401 request - /auth/login  
error -> time - Tue Jun 02 2020 statue - 401 request - /auth/login  
error -> time - Tue Jun 02 2020 statue - 401 request - /auth/login  
error -> time - Tue Jun 02 2020 statue - 401 request - /auth/login  
error -> time - Tue Jun 02 2020 statue - 401 request - /auth/login  
error -> time - Tue Jun 02 2020 statue - 401 request - /auth/login  
error -> time - Tue Jun 02 2020 statue - 401 request - /auth/login  
error -> time - Tue Jun 02 2020 statue - 401 request - /auth/login  
error -> time - Tue Jun 02 2020 statue - 401 request - /auth/login  
error -> time - Tue Jun 02 2020 statue - 401 request - /auth/login  
error -> time - Tue Jun 02 2020 statue - 401 request - /auth/login  
error -> time - Tue Jun 02 2020 statue - 401 request - /auth/login  
error -> time - Tue Jun 02 2020 statue - 401 request - /auth/login  
error -> time - Tue Jun 02 2020 statue - 401 request - /auth/login  
error -> time - Tue Jun 02 2020 statue - 401 request - /auth/login  
error -> time - Tue Jun 02 2020 statue - 401 request - /auth/login  
error -> time - Tue Jun 02 2020 statue - 401 request - /auth/login  
error -> time - Tue Jun 02 2020 statue - 401 request - /auth/login  
error -> time - Tue Jun 02 2020 statue - 401 request - /auth/login  
error -> time - Tue Jun 02 2020 statue - 401 request - /auth/login  
error -> time - Tue Jun 02 2020 statue - 401 request - /auth/login  
error -> time - Tue Jun 02 2020 statue - 401 request - /auth/login  
error -> time - Tue Jun 02 2020 statue - 401 request - /auth/login  
error -> time - Tue Jun 02 2020 statue - 401 request - /auth/login  
error -> time - Tue Jun 02 2020 statue - 401 request - /auth/login  
error -> time - Tue Jun 02 2020 statue - 401 request - /auth/login  
error -> time - Tue Jun 02 2020 statue - 401 request - /auth/login  
error -> time - Tue Jun 02 2020 statue - 401 request - /auth/login  
error -> time - Tue Jun 02 2020 statue - 401 request - /auth/login  
error -> time - Tue Jun 02 2020 statue - 401 request - /auth/login  
error -> time - Tue Jun 02 2020 statue - 401 request - /auth/login  
error -> time - Tue Jun 02 2020 statue - 401 request - /auth/login  
error -> time - Tue Jun 02 2020 statue - 401 request - /auth/test  
error -> time - Tue Jun 02 2020 statue - 401 request - /auth/test  
error -> time - Tue Jun 02 2020 statue - 401 request - /auth/test  
error -> time - Tue Jun 02 2020 statue - 500 request - /auth/test  
error -> time - Tue Jun 02 2020 statue - 500 request - /auth/test  
error -> time - Tue Jun 02 2020 statue - 500 request - /auth/test  
error -> time - Tue Jun 02 2020 statue - 500 request - /auth/test  
error -> time - Tue Jun 02 2020 statue - 401 request - /auth/test  
error -> time - Tue Jun 02 2020 statue - 401 request - /auth/test  
error -> time - Tue Jun 02 2020 statue - 401 request - /user/detail/test  
error -> time - Tue Jun 02 2020 statue - 401 request - /user/detail/test  
error -> time - Tue Jun 02 2020 statue - 401 request - /user/detail/test  
error -> time - Tue Jun 02 2020 statue - 401 request - /auth/login  
error -> time - Tue Jun 02 2020 statue - 401 request - /auth/login  
error -> time - Tue Jun 02 2020 statue - 401 request - /auth/login  
error -> time - Tue Jun 02 2020 statue - 401 request - /auth/login  
error -> time - Tue Jun 02 2020 statue - 401 request - /auth/login  
error -> time - Tue Jun 02 2020 statue - 401 request - /auth/login  
error -> time - Tue Jun 02 2020 statue - 401 request - /auth/login  
error -> time - Tue Jun 02 2020 statue - 401 request - /auth/login  
error -> time - Tue Jun 02 2020 statue - 401 request - /auth/login  
error -> time - Tue Jun 02 2020 statue - 401 request - /auth/login  
error -> time - Tue Jun 02 2020 statue - 401 request - /auth/login  
error -> time - Tue Jun 02 2020 statue - 401 request - /auth/login  
error -> time - Tue Jun 02 2020 statue - 401 request - /auth/login  
error -> time - Tue Jun 02 2020 statue - 401 request - /auth/login  
error -> time - Tue Jun 02 2020 statue - 401 request - /auth/login  
error -> time - Tue Jun 02 2020 statue - 401 request - /auth/login  
error -> time - Tue Jun 02 2020 statue - 401 request - /auth/login  
error -> time - Tue Jun 02 2020 statue - 401 request - /auth/login  
error -> time - Tue Jun 02 2020 statue - 401 request - /auth/login  
error -> time - Tue Jun 02 2020 statue - 401 request - /auth/login  
error -> time - Tue Jun 02 2020 statue - 401 request - /auth/login  
error -> time - Tue Jun 02 2020 statue - 401 request - /auth/test  
error -> time - Tue Jun 02 2020 statue - 401 request - /auth/test  
error -> time - Tue Jun 02 2020 statue - 403 request - /auth/test  
error -> time - Tue Jun 02 2020 statue - 403 request - /auth/test  
error -> time - Tue Jun 02 2020 statue - 403 request - /auth/test  
error -> time - Tue Jun 02 2020 statue - 403 request - /auth/test  
error -> time - Tue Jun 02 2020 statue - 403 request - /auth/test  
error -> time - Tue Jun 02 2020 statue - 403 request - /auth/test  
error -> time - Tue Jun 02 2020 statue - 403 request - /auth/test  
error -> time - Tue Jun 02 2020 statue - 403 request - /auth/test  
error -> time - Tue Jun 02 2020 statue - 403 request - /auth/test  
error -> time - Tue Jun 02 2020 statue - 403 request - /auth/test  
error -> time - Tue Jun 02 2020 statue - 403 request - /auth/test  
error -> time - Tue Jun 02 2020 statue - 403 request - /auth/test  
error -> time - Tue Jun 02 2020 statue - 403 request - /auth/test  
error -> time - Tue Jun 02 2020 statue - 403 request - /auth/test  
error -> time - Tue Jun 02 2020 statue - 403 request - /auth/test  
error -> time - Tue Jun 02 2020 statue - 403 request - /auth/test  
error -> time - Tue Jun 02 2020 statue - 403 request - /auth/test  
error -> time - Tue Jun 02 2020 statue - 403 request - /auth/test  
error -> time - Tue Jun 02 2020 statue - 403 request - /auth/test  
error -> time - Tue Jun 02 2020 statue - 403 request - /auth/test  
error -> time - Tue Jun 02 2020 statue - 401 request - /auth/test  
error -> time - Tue Jun 02 2020 statue - 403 request - /auth/test  
error -> time - Tue Jun 02 2020 statue - 403 request - /auth/test  
error -> time - Tue Jun 02 2020 statue - 401 request - /auth/test  
error -> time - Tue Jun 02 2020 statue - 403 request - /auth/test  
error -> time - Tue Jun 02 2020 statue - 403 request - /auth/test  
error -> time - Tue Jun 02 2020 statue - 403 request - /auth/test  
error -> time - Tue Jun 02 2020 statue - 403 request - /auth/test  
error -> time - Tue Jun 02 2020 statue - 403 request - /auth/test  
error -> time - Tue Jun 02 2020 statue - 403 request - /auth/test  
error -> time - Tue Jun 02 2020 statue - 403 request - /auth/test  
error -> time - Tue Jun 02 2020 statue - 500 request - /auth/test  
error -> time - Tue Jun 02 2020 statue - 500 request - /auth/test  
error -> time - Tue Jun 02 2020 statue - 403 request - /auth/test  
error -> time - Tue Jun 02 2020 statue - 403 request - /auth/test  
error -> time - Tue Jun 02 2020 statue - 403 request - /auth/test  
error -> time - Tue Jun 02 2020 statue - 403 request - /auth/test  
error -> time - Tue Jun 02 2020 statue - 403 request - /auth/test  
error -> time - Tue Jun 02 2020 statue - 403 request - /auth/test  
error -> time - Tue Jun 02 2020 statue - 403 request - /auth/test  
error -> time - Tue Jun 02 2020 statue - 403 request - /auth/test  
error -> time - Tue Jun 02 2020 statue - 403 request - /auth/test  
error -> time - Tue Jun 02 2020 statue - 403 request - /auth/test  
error -> time - Tue Jun 02 2020 statue - 500 request - /auth/test  
error -> time - Tue Jun 02 2020 statue - 500 request - /auth/test  
error -> time - Tue Jun 02 2020 statue - 500 request - /auth/test  
error -> time - Tue Jun 02 2020 statue - 401 request - /auth/test  
error -> time - Tue Jun 02 2020 statue - 403 request - /auth/test  
error -> time - Tue Jun 02 2020 statue - 403 request - /auth/test  
error -> time - Tue Jun 02 2020 statue - 403 request - /auth/test  
error -> time - Tue Jun 02 2020 statue - 403 request - /auth/test  
error -> time - Tue Jun 02 2020 statue - 403 request - /auth/test  
error -> time - Wed Jun 03 2020 statue - 401 request - /user/detail/test  
error -> time - Wed Jun 03 2020 statue - 401 request - /user/detail/test  
error -> time - Wed Jun 03 2020 statue - 401 request - /user/detail/test  
error -> time - Wed Jun 03 2020 statue - 401 request - /auth/test  
error -> time - Wed Jun 03 2020 statue - 404 request - /profile/detail  
error -> time - Wed Jun 03 2020 statue - 404 request - /profile/detail  
error -> time - Wed Jun 03 2020 statue - 404 request - /profile/detail  
error -> time - Wed Jun 03 2020 statue - 404 request - /profile/detail  
error -> time - Wed Jun 03 2020 statue - 404 request - /profile/detail  
error -> time - Wed Jun 03 2020 statue - 404 request - /profile/detail  
error -> time - Wed Jun 03 2020 statue - 404 request - /profile/detail  
error -> time - Wed Jun 03 2020 statue - 401 request - /profile/detail  
error -> time - Wed Jun 03 2020 statue - 404 request - /favicon.ico  
error -> time - Wed Jun 03 2020 statue - 404 request - /poet/detail/  
error -> time - Wed Jun 03 2020 statue - 404 request - /poet/detail/  
error -> time - Wed Jun 03 2020 statue - 404 request - /auth/all  
error -> time - Wed Jun 10 2020 statue - 404 request - /poet/search/%E6%88%91  
error -> time - Wed Jun 10 2020 statue - 404 request - /favicon.ico  
error -> time - Thu Jun 11 2020 statue - 404 request - /poet/detail/author/%E5%A4%AA  
error -> time - Fri Jun 12 2020 statue - 404 request - /poet/detail/%E4%B8%80  
error -> time - Fri Jun 12 2020 statue - 404 request - /poet/content/%E4%B8%80  
error -> time - Fri Jun 12 2020 statue - 404 request - /favorite/  
error -> time - Fri Jun 12 2020 statue - 404 request - /favorite  
error -> time - Fri Jun 12 2020 statue - 500 request - /profile/favorite  
error -> time - Fri Jun 12 2020 statue - 500 request - /profile/favorite  
error -> time - Fri Jun 12 2020 statue - 500 request - /profile/favorite  
error -> time - Fri Jun 12 2020 statue - 500 request - /profile/favorite  
error -> time - Sat Jun 13 2020 statue - 500 request - /profile/detail  
error -> time - Sat Jun 13 2020 statue - 500 request - /profile/detail  
error -> time - Sat Jun 13 2020 statue - 500 request - /profile/detail  
